Build started 10/05/2011 15:58:26.
     1>Project "C:\Users\Kerry\Desktop\php_parser\php_intel\php_intel.vcxproj" on node 2 (build target(s)).
     1>InitializeBuildStatus:
         Touching "Debug\php_intel.unsuccessfulbuild".
       ClCompile:
         All outputs are up-to-date.
         C:\Program Files (x86)\Microsoft Visual Studio 10.0\VC\bin\CL.exe /c /ZI /nologo /W3 /WX- /Od /Oy- /D WIN32 /D _DEBUG /D _CONSOLE /D _MBCS /Gm /EHsc /RTC1 /MDd /GS /fp:precise /Zc:wchar_t /Zc:forScope /Fo"Debug\\" /Fd"Debug\vc100.pdb" /Gd /TC /analyze- /errorReport:prompt zend_language_scanner.c
         zend_language_scanner.c
     1>c:\users\kerry\desktop\php_parser\php_intel\zend_language_scanner.c(1948): warning C4996: 'fileno': The POSIX name for this item is deprecated. Instead, use the ISO C++ conformant name: _fileno. See online help for details.
                 c:\program files (x86)\microsoft visual studio 10.0\vc\include\stdio.h(723) : see declaration of 'fileno'
     1>c:\users\kerry\desktop\php_parser\php_intel\zend_language_scanner.c(2142): warning C4013: 'exit' undefined; assuming extern returning int
     1>c:\users\kerry\desktop\php_parser\php_intel\zend_language_scanner.c(2205): warning C4013: 'malloc' undefined; assuming extern returning int
     1>c:\users\kerry\desktop\php_parser\php_intel\zend_language_scanner.c(2223): warning C4013: 'realloc' undefined; assuming extern returning int
     1>c:\users\kerry\desktop\php_parser\php_intel\zend_language_scanner.c(2233): warning C4013: 'free' undefined; assuming extern returning int
       ManifestResourceCompile:
         All outputs are up-to-date.
       Link:
         C:\Program Files (x86)\Microsoft Visual Studio 10.0\VC\bin\link.exe /ERRORREPORT:PROMPT /OUT:"C:\Users\Kerry\Desktop\php_parser\php_intel\Debug\php_intel.exe" /INCREMENTAL /NOLOGO kernel32.lib user32.lib gdi32.lib winspool.lib comdlg32.lib advapi32.lib shell32.lib ole32.lib oleaut32.lib uuid.lib odbc32.lib odbccp32.lib /MANIFEST /ManifestFile:"Debug\php_intel.exe.intermediate.manifest" /MANIFESTUAC:"level='asInvoker' uiAccess='false'" /DEBUG /PDB:"C:\Users\Kerry\Desktop\php_parser\php_intel\Debug\php_intel.pdb" /SUBSYSTEM:CONSOLE /TLBID:1 /DYNAMICBASE /NXCOMPAT /IMPLIB:"C:\Users\Kerry\Desktop\php_parser\php_intel\Debug\php_intel.lib" /MACHINE:X86 Debug\php_intel.exe.embed.manifest.res
         Debug\main.obj
         Debug\zend_language_parser.obj
         Debug\zend_language_scanner.obj
       Manifest:
         C:\Program Files (x86)\Microsoft SDKs\Windows\v7.0A\bin\mt.exe /nologo /verbose /out:"Debug\php_intel.exe.embed.manifest" /manifest Debug\php_intel.exe.intermediate.manifest
         All outputs are up-to-date.
       LinkEmbedManifest:
         All outputs are up-to-date.
         php_intel.vcxproj -> C:\Users\Kerry\Desktop\php_parser\php_intel\Debug\php_intel.exe
       FinalizeBuildStatus:
         Deleting file "Debug\php_intel.unsuccessfulbuild".
         Touching "Debug\php_intel.lastbuildstate".
     1>Done Building Project "C:\Users\Kerry\Desktop\php_parser\php_intel\php_intel.vcxproj" (build target(s)).

Build succeeded.

Time Elapsed 00:00:00.63
