C:\Users\Kerry\Desktop\php_parser\php_intel\Debug\cl.command.1.tlog
C:\Users\Kerry\Desktop\php_parser\php_intel\Debug\CL.read.1.tlog
C:\Users\Kerry\Desktop\php_parser\php_intel\Debug\CL.write.1.tlog
C:\Users\Kerry\Desktop\php_parser\php_intel\Debug\link.1304.read.1.tlog
C:\Users\Kerry\Desktop\php_parser\php_intel\Debug\link.1304.write.1.tlog
C:\Users\Kerry\Desktop\php_parser\php_intel\Debug\link.1304-cvtres.read.1.tlog
C:\Users\Kerry\Desktop\php_parser\php_intel\Debug\link.1304-cvtres.write.1.tlog
C:\Users\Kerry\Desktop\php_parser\php_intel\Debug\link.1900.read.1.tlog
C:\Users\Kerry\Desktop\php_parser\php_intel\Debug\link.1900.read.2.tlog
C:\Users\Kerry\Desktop\php_parser\php_intel\Debug\link.1900.write.1.tlog
C:\Users\Kerry\Desktop\php_parser\php_intel\Debug\link.1900-cvtres.read.1.tlog
C:\Users\Kerry\Desktop\php_parser\php_intel\Debug\link.1900-cvtres.write.1.tlog
C:\Users\Kerry\Desktop\php_parser\php_intel\Debug\link.3256.read.1.tlog
C:\Users\Kerry\Desktop\php_parser\php_intel\Debug\link.3256.write.1.tlog
C:\Users\Kerry\Desktop\php_parser\php_intel\Debug\link.3256-cvtres.read.1.tlog
C:\Users\Kerry\Desktop\php_parser\php_intel\Debug\link.3256-cvtres.write.1.tlog
C:\Users\Kerry\Desktop\php_parser\php_intel\Debug\link.3360.read.1.tlog
C:\Users\Kerry\Desktop\php_parser\php_intel\Debug\link.3360.write.1.tlog
C:\Users\Kerry\Desktop\php_parser\php_intel\Debug\link.3360-cvtres.read.1.tlog
C:\Users\Kerry\Desktop\php_parser\php_intel\Debug\link.3360-cvtres.write.1.tlog
C:\Users\Kerry\Desktop\php_parser\php_intel\Debug\link.3832.read.1.tlog
C:\Users\Kerry\Desktop\php_parser\php_intel\Debug\link.3832.write.1.tlog
C:\Users\Kerry\Desktop\php_parser\php_intel\Debug\link.3832-cvtres.read.1.tlog
C:\Users\Kerry\Desktop\php_parser\php_intel\Debug\link.3832-cvtres.write.1.tlog
C:\Users\Kerry\Desktop\php_parser\php_intel\Debug\link.392.read.1.tlog
C:\Users\Kerry\Desktop\php_parser\php_intel\Debug\link.392.write.1.tlog
C:\Users\Kerry\Desktop\php_parser\php_intel\Debug\link.392-cvtres.read.1.tlog
C:\Users\Kerry\Desktop\php_parser\php_intel\Debug\link.392-cvtres.write.1.tlog
C:\Users\Kerry\Desktop\php_parser\php_intel\Debug\link.4352.read.1.tlog
C:\Users\Kerry\Desktop\php_parser\php_intel\Debug\link.4352.write.1.tlog
C:\Users\Kerry\Desktop\php_parser\php_intel\Debug\link.4352-cvtres.read.1.tlog
C:\Users\Kerry\Desktop\php_parser\php_intel\Debug\link.4352-cvtres.write.1.tlog
C:\Users\Kerry\Desktop\php_parser\php_intel\Debug\link.4668.read.1.tlog
C:\Users\Kerry\Desktop\php_parser\php_intel\Debug\link.4668.write.1.tlog
C:\Users\Kerry\Desktop\php_parser\php_intel\Debug\link.4668-cvtres.read.1.tlog
C:\Users\Kerry\Desktop\php_parser\php_intel\Debug\link.4668-cvtres.write.1.tlog
C:\Users\Kerry\Desktop\php_parser\php_intel\Debug\link.4872.read.1.tlog
C:\Users\Kerry\Desktop\php_parser\php_intel\Debug\link.4872.write.1.tlog
C:\Users\Kerry\Desktop\php_parser\php_intel\Debug\link.4872-cvtres.read.1.tlog
C:\Users\Kerry\Desktop\php_parser\php_intel\Debug\link.4872-cvtres.write.1.tlog
C:\Users\Kerry\Desktop\php_parser\php_intel\Debug\link.5040.read.1.tlog
C:\Users\Kerry\Desktop\php_parser\php_intel\Debug\link.5040.write.1.tlog
C:\Users\Kerry\Desktop\php_parser\php_intel\Debug\link.5040-cvtres.read.1.tlog
C:\Users\Kerry\Desktop\php_parser\php_intel\Debug\link.5040-cvtres.write.1.tlog
C:\Users\Kerry\Desktop\php_parser\php_intel\Debug\link.5088.read.1.tlog
C:\Users\Kerry\Desktop\php_parser\php_intel\Debug\link.5088.write.1.tlog
C:\Users\Kerry\Desktop\php_parser\php_intel\Debug\link.5088-cvtres.read.1.tlog
C:\Users\Kerry\Desktop\php_parser\php_intel\Debug\link.5088-cvtres.write.1.tlog
C:\Users\Kerry\Desktop\php_parser\php_intel\Debug\link.command.1.tlog
C:\Users\Kerry\Desktop\php_parser\php_intel\Debug\link.read.1.tlog
C:\Users\Kerry\Desktop\php_parser\php_intel\Debug\link.read.2.tlog
C:\Users\Kerry\Desktop\php_parser\php_intel\Debug\link.read.3.tlog
C:\Users\Kerry\Desktop\php_parser\php_intel\Debug\link.write.1.tlog
C:\Users\Kerry\Desktop\php_parser\php_intel\Debug\link-cvtres.read.1.tlog
C:\Users\Kerry\Desktop\php_parser\php_intel\Debug\link-cvtres.write.1.tlog
C:\USERS\KERRY\DESKTOP\PHP_PARSER\PHP_INTEL\DEBUG\MAIN.OBJ
C:\Users\Kerry\Desktop\php_parser\php_intel\Debug\mt.command.1.tlog
C:\Users\Kerry\Desktop\php_parser\php_intel\Debug\mt.read.1.tlog
C:\Users\Kerry\Desktop\php_parser\php_intel\Debug\mt.write.1.tlog
C:\USERS\KERRY\DESKTOP\PHP_PARSER\PHP_INTEL\DEBUG\PHP_INTEL.EXE
C:\USERS\KERRY\DESKTOP\PHP_PARSER\PHP_INTEL\DEBUG\PHP_INTEL.EXE.EMBED.MANIFEST
C:\USERS\KERRY\DESKTOP\PHP_PARSER\PHP_INTEL\DEBUG\PHP_INTEL.EXE.EMBED.MANIFEST.RES
C:\USERS\KERRY\DESKTOP\PHP_PARSER\PHP_INTEL\DEBUG\PHP_INTEL.EXE.INTERMEDIATE.MANIFEST
C:\USERS\KERRY\DESKTOP\PHP_PARSER\PHP_INTEL\DEBUG\PHP_INTEL.ILK
C:\USERS\KERRY\DESKTOP\PHP_PARSER\PHP_INTEL\DEBUG\PHP_INTEL.PDB
C:\Users\Kerry\Desktop\php_parser\php_intel\Debug\php_intel_manifest.rc
C:\Users\Kerry\Desktop\php_parser\php_intel\Debug\rc.command.1.tlog
C:\Users\Kerry\Desktop\php_parser\php_intel\Debug\rc.read.1.tlog
C:\Users\Kerry\Desktop\php_parser\php_intel\Debug\rc.write.1.tlog
C:\Users\Kerry\Desktop\php_parser\php_intel\Debug\vc100.idb
C:\USERS\KERRY\DESKTOP\PHP_PARSER\PHP_INTEL\DEBUG\VC100.PDB
C:\USERS\KERRY\DESKTOP\PHP_PARSER\PHP_INTEL\DEBUG\ZEND_LANGUAGE_PARSER.OBJ
C:\USERS\KERRY\DESKTOP\PHP_PARSER\PHP_INTEL\DEBUG\ZEND_LANGUAGE_SCANNER.OBJ
